Script handler ready. Waiting for a while to ensure all other mods are done messing with NEI.
Starting NEI Filter scripting. This might take a moment to load all the modules...
Engine: JAVASCRIPT
Setting up Java Library...
Setting up FML Library...
Setting up NEI Library...
Setting up CreativeTab library...
Found creative tab: tabBloodMagic
Found creative tab: misc
Found creative tab: avaritia
Found creative tab: tools
Found creative tab: Botania
Found creative tab: buildingBlocks
Found creative tab: buildcraft.main
Found creative tab: buildcraft.boards
Found creative tab: buildcraft.pipes
Found creative tab: buildcraft.facades
Found creative tab: buildcraft.gates
Found creative tab: ComputerCraft
Found creative tab: blocksAndItems
Found creative tab: food
Found creative tab: toolsAndWeapons
Found creative tab: EnderIO
Found creative tab: decorations
Found creative tab: extraUtil
Found creative tab: combat
Found creative tab: extraUtil_FMP
Found creative tab: floodlights
Found creative tab: IC2
Found creative tab: Nuclear Control 2
Found creative tab: Logistics_Pipes
Found creative tab: redstone
Found creative tab: transportation
Found creative tab: Nether Ores
Found creative tab: tabOpenBlocks
Found creative tab: core
Found creative tab: ill
Found creative tab: int
Found creative tab: trans
Found creative tab: QuarryPlus
Found creative tab: storageDrawers
Found creative tab: thaumcraft
Found creative tab: thaumicExploration
Found creative tab: materials
Found creative tab: bdew.ae2stuff
Found creative tab: ae2wct
Found creative tab: aobd
Found creative tab: appliedenergistics2
Found creative tab: appliedenergistics2.facades
Found creative tab: avaritiaddons
Found creative tab: tabWoodChiselBlocks
Found creative tab: tabStairChiselBlocks
Found creative tab: tabModdedChiselBlocks
Found creative tab: tabStoneChiselBlocks
Found creative tab: tabOtherChiselBlocks
Found creative tab: tabChisel
Found creative tab: tabMetalChiselBlocks
Found creative tab: Extra_Cells
Found creative tab: rt.name
Found creative tab: GregTech.Main
Found creative tab: GregTech.Materials
Found creative tab: GregTech.Ores
Found creative tab: brewing
Found creative tab: ThaumicEnergistics
Found creative tab: tabWitchery
Setting up ForgeMicroblock Library...
Setting up ExtraUtilities Library...
Setting up BuildCraft Library...
Setting up Applied Energistics 2 Library...
Loading table of contents for module: custom_nei_filters, 1.0, Author: denoflionsx
Bootstrap setting found. Loading: Bootstrap.js
Loading: vanilla.js
hide called. Params: minecraft, portal
Regex match found! minecraft:portal matches minecraft:portal.
Found ItemStack minecraft:portal. 64xtile.portal@0
hide called. Params: minecraft, end_portal
Regex match found! minecraft:end_portal matches minecraft:end_portal.
Found ItemStack minecraft:end_portal. 64xtile.null@0
hide called. Params: minecraft, fire
Regex match found! minecraft:fire matches minecraft:fire.
Found ItemStack minecraft:fire. 64xtile.fire@0
hide called. Params: minecraft, water
Regex match found! minecraft:water matches minecraft:water.
Found ItemStack minecraft:water. 64xtile.water@0
hide called. Params: minecraft, lava
Regex match found! minecraft:lava matches minecraft:lava.
Found ItemStack minecraft:lava. 64xtile.lava@0
hide called. Params: minecraft, mob_spawner
Regex match found! minecraft:mob_spawner matches minecraft:mob_spawner.
Found ItemStack minecraft:mob_spawner. 64xtile.mobSpawner@0
Loading: ThermalExpansion.js
Loading: Mekanism.js
Loading: ForgeMicroblock.js
getRandomMaterial called. Returned: ProjRed|Illumination:projectred.illumination.lamp_28
obliterate_microblocks called (version in info.inpureprojects.core.NEI.gtfoMicroblocks.ScriptObjects.ForgeMicroblockObject). Params: 1,2,4,257,258,260,513,514,516,769,770,772, ProjRed|Illumination:projectred.illumination.lamp_28
Loading: ExtraUtilities.js
override called. Params: ExtraUtilities, drum, 0,1
Regex match found! ExtraUtilities:drum matches ExtraUtilities:drum.
Found ItemStack ExtraUtilities:drum. 64xtile.extrautils:drum@0
getRandomMaterial called. Returned: ProjRed|Illumination:projectred.illumination.lamp_26
obliterate_microblocks called (version in info.inpureprojects.core.NEI.gtfoMicroblocks.ScriptObjects.ExtraUtilitiesObject). Params: 1,2,3, ProjRed|Illumination:projectred.illumination.lamp_26
Loading: BuildCraft.js
getFacadesSize called. Returned: 2528
obliterate_microblocks called (version in info.inpureprojects.core.NEI.gtfoMicroblocks.ScriptObjects.BCObject). Params: 707
Loading: AppliedEnergistics2.js
getFacadeItem called. Returned: appliedenergistics2:item.ItemFacade
getSubTypes called.
getNumberOfTypes called. Returned: 1967
override called. Params: appliedenergistics2, item.ItemFacade, 234
Regex match found! appliedenergistics2:item.ItemFacade matches appliedenergistics2:item.ItemFacade.
Found ItemStack appliedenergistics2:item.ItemFacade. 64xitem.appliedenergistics2.ItemFacade@0
Loading: Tcon.js
Loading: MFR.js
